1571406671934:hi
1571406969580:help
1571406972099:echo
1571406976317:echo -N hi
1571407762637:help
1571407775327:sample tables
1571407785114:sample-tables
1571407797917:progress-bar
1571407811803:progress-counter
1571407832519:progress-spinner
1571407844689:qazx
1571407848529:help
1571407856223:table-formatter-demo
1571407865376:create-user ju
1571407889899:user-list
1571407916443:user-details ju
1571407935049:help
1571407939132:update-all-users
1571410555469:progress-bar
1571410569266:progress-counter
1571410582321:update-all-users
1571412542237:kutdkt
1571731082362:help
1571731085425:update-all-users
1571731138214:a
1571731144921:help
1571731150823:progress-bar
1571731367267:help
1571731373472:ewcho ho
1571731378276:echo hi
1571731393649:progress-bar
1571731428486:help
1571731431562:sample-tables
1571731437713:table-formatter-demo
1571731453716:progress-spinner
